

Microchip Technology PIC18 LITE Macro Assembler V1.33 build 59893 
                                                                                               Mon Sep 29 14:34:03 2014

Microchip Technology Omniscient Code Generator (Lite mode) build 59893
     1                           	processor	18F4520
     2                           	fnconf	rparam,??,?,0
     3                           	opt	pw 120
     4                           	opt	lm
     5                           	psect	text0,global,reloc=2,class=CODE,delta=1
     6                           	psect	cinit,global,reloc=2,class=CODE,delta=1
     7                           	psect	cstackCOMRAM,global,class=COMRAM,space=1,delta=1
     8                           	psect	intsave_regs,global,class=BIGRAM,space=1,delta=1
     9                           	psect	rparam,global,class=COMRAM,space=1,delta=1
    10  0000                     _OSCCONbits	set	4051
    11                           
    12                           ; 0 bytes @ 0x0
    13 ;;
    14 ;;Main: autosize = 0, tempsize = 0, incstack = 0, save=0
    15 ;;
    16 ;; *************** function _main *****************
    17 ;; Defined at:
    18 ;;		line 17 in file "../src/PIC18/Blinky.c"
    19 ;; Parameters:    Size  Location     Type
    20 ;;		None
    21 ;; Auto vars:     Size  Location     Type
    22 ;;		None
    23 ;; Return value:  Size  Location     Type
    24 ;;		None               void
    25 ;; Registers used:
    26 ;;		None
    27 ;; Tracked objects:
    28 ;;		On entry : 0/0
    29 ;;		On exit  : 0/0
    30 ;;		Unchanged: 0/0
    31 ;; Data sizes:     COMRAM   BANK0   BANK1   BANK2   BANK3   BANK4   BANK5
    32 ;;      Params:         0       0       0       0       0       0       0
    33 ;;      Locals:         0       0       0       0       0       0       0
    34 ;;      Temps:          0       0       0       0       0       0       0
    35 ;;      Totals:         0       0       0       0       0       0       0
    36 ;;Total ram usage:        0 bytes
    37 ;; This function calls:
    38 ;;		Nothing
    39 ;; This function is called by:
    40 ;;		Startup code after reset
    41 ;; This function uses a non-reentrant model
    42 ;;
    43                           
    44                           	psect	text0
    45  007CF6                     __ptext0:
    46                           	opt stack 0
    47  007CF6                     _main:
    48                           	opt stack 30
    49                           
    50                           ;Blinky.c: 19: OSCCONbits.IRCF = 7;
    51                           
    52                           ;incstack = 0
    53  007CF6  88D3               	bsf	4051,4,c	;volatile
    54  007CF8  8AD3               	bsf	4051,5,c	;volatile
    55  007CFA  8CD3               	bsf	4051,6,c	;volatile
    56  007CFC  EF01  F000         	goto	start
    57  007D00                     __end_of_main:
    58                           	opt stack 0
    59  0000                     
    60                           	psect	cinit
    61  007CF0                     __pcinit:
    62                           	opt stack 0
    63  007CF0                     start_initialization:
    64                           	opt stack 0
    65  007CF0                     __initialization:
    66                           	opt stack 0
    67  007CF0                     end_of_initialization:
    68                           	opt stack 0
    69  007CF0                     __end_of__initialization:
    70                           	opt stack 0
    71  007CF0  0100               	movlb	0
    72  007CF2  EF7B  F03E         	goto	_main	;jump to C main() function
    73                           
    74                           	psect	cstackCOMRAM
    75  000000                     __pcstackCOMRAM:
    76                           	opt stack 0
    77  000000                     
    78                           	psect	rparam


Data Sizes:
    Strings     0
    Constant    0
    Data        0
    BSS         0
    Persistent  0
    Stack       0

Auto Spaces:
    Space          Size  Autos    Used
    COMRAM          127      0       0
    BANK0           128      0       0
    BANK1           256      0       0
    BANK2           256      0       0
    BANK3           256      0       0
    BANK4           256      0       0
    BANK5           239      0       0

Pointer List with Targets:

    None.

Critical Paths under _main in COMRAM

    None.

Critical Paths under _main in BANK0

    None.

Critical Paths under _main in BANK1

    None.

Critical Paths under _main in BANK2

    None.

Critical Paths under _main in BANK3

    None.

Critical Paths under _main in BANK4

    None.

Critical Paths under _main in BANK5

    None.

Call Graph Tables:

 ---------------------------------------------------------------------------------
 (Depth) Function   	        Calls       Base Space   Used Autos Params    Refs
 ---------------------------------------------------------------------------------
 (0) _main                                                 0     0      0       0
 ---------------------------------------------------------------------------------
 Estimated maximum stack depth 0
 ---------------------------------------------------------------------------------

 Call Graph Graphs:

 _main (ROOT)

 Address spaces:
Name               Size   Autos  Total    Cost      Usage
BITCOMRAM           7F      0       0       0        0.0%
EEDATA             100      0       0       0        0.0%
NULL                 0      0       0       0        0.0%
CODE                 0      0       0       0        0.0%
COMRAM              7F      0       0       1        0.0%
STACK                0      0       0       2        0.0%
BITBANK0            80      0       0       3        0.0%
BANK0               80      0       0       4        0.0%
BITBANK1           100      0       0       5        0.0%
BANK1              100      0       0       6        0.0%
BITBANK2           100      0       0       7        0.0%
BANK2              100      0       0       8        0.0%
BITBANK3           100      0       0       9        0.0%
BANK3              100      0       0      10        0.0%
BITBANK4           100      0       0      11        0.0%
BANK4              100      0       0      12        0.0%
BANK5               EF      0       0      13        0.0%
ABS                  0      0       0      14        0.0%
BITBANK5            EF      0       0      15        0.0%
BIGRAM             5EE      0       0      16        0.0%
DATA                 0      0       0      17        0.0%
BITSFR_5             0      0       0      40        0.0%
SFR_5                0      0       0      40        0.0%
BITSFR_4             0      0       0      40        0.0%
SFR_4                0      0       0      40        0.0%
BITSFR_3             0      0       0      40        0.0%
SFR_3                0      0       0      40        0.0%
BITSFR_2             0      0       0      40        0.0%
SFR_2                0      0       0      40        0.0%
BITSFR_1             0      0       0      40        0.0%
SFR_1                0      0       0      40        0.0%
BITSFR               0      0       0      40        0.0%
SFR                  0      0       0      40        0.0%


Microchip Technology PIC18 Macro Assembler V1.33 build 59893 
Symbol Table                                                                                   Mon Sep 29 14:34:03 2014

           __CFG_LVP$OFF 000000             __CFG_WDT$OFF 000000            __CFG_DEBUG$ON 000000  
           __CFG_PWRT$ON 000000                     _main 7CF6                     start 0002  
                  ?_main 0000          __initialization 7CF0             __end_of_main 7D00  
                 ??_main 0000            __activetblptr 000000               __accesstop 0080  
__end_of__initialization 7CF0           __pcstackCOMRAM 0000                  __Hparam 0000  
                __Lparam 0000                  __pcinit 7CF0                  __ramtop 0600  
                __ptext0 7CF6     end_of_initialization 7CF0      start_initialization 7CF0  
       __CFG_OSC$INTIO67 000000                 __Hrparam 0000                 __Lrparam 0000  
          __size_of_main 000A               _OSCCONbits 000FD3  
